<?xml version="1.0" encoding="UTF-8"?>
<!-- Generated by org.testng.reporters.JUnitReportReporter -->
<testsuite hostname="MSI" failures="0" tests="1" name="phase3_end_project.postman_and_Jmeter.rest_assured_assignment_006" time="2.959" errors="0" timestamp="2024-01-22T14:41:29 IST" skipped="0">
  <testcase classname="phase3_end_project.postman_and_Jmeter.rest_assured_assignment_006" name="testLogoutApi" time="2.959"/>
  <system-out/>
</testsuite> <!-- phase3_end_project.postman_and_Jmeter.rest_assured_assignment_006 -->
