<?xml version="1.0" encoding="UTF-8"?>
<!-- Generated by org.testng.reporters.JUnitReportReporter -->
<testsuite hostname="MSI" failures="0" tests="3" name="phase3_end_project.postman_and_Jmeter.rest_assured_assignment_005" time="6.095" errors="0" timestamp="2024-01-22T14:32:18 IST" skipped="0">
  <testcase classname="phase3_end_project.postman_and_Jmeter.rest_assured_assignment_005" name="testPetStatusPending" time="1.199"/>
  <system-out/>
  <testcase classname="phase3_end_project.postman_and_Jmeter.rest_assured_assignment_005" name="testPetStatusSold" time="1.250"/>
  <system-out/>
  <testcase classname="phase3_end_project.postman_and_Jmeter.rest_assured_assignment_005" name="testPetStatusAvailable" time="3.646"/>
  <system-out/>
</testsuite> <!-- phase3_end_project.postman_and_Jmeter.rest_assured_assignment_005 -->
