<?xml version="1.0" encoding="UTF-8"?>
<!-- Generated by org.testng.reporters.JUnitReportReporter -->
<testsuite hostname="MSI" failures="0" tests="3" name="phase3_end_project.postman_and_Jmeter.rest_assured_assignment_002" time="5.578" errors="0" timestamp="2024-01-22T14:20:36 IST" skipped="0">
  <testcase classname="phase3_end_project.postman_and_Jmeter.rest_assured_assignment_002" name="putCallTesting" time="3.206"/>
  <system-out/>
  <testcase classname="phase3_end_project.postman_and_Jmeter.rest_assured_assignment_002" name="putCallTesting" time="1.150"/>
  <system-out/>
  <testcase classname="phase3_end_project.postman_and_Jmeter.rest_assured_assignment_002" name="putCallTesting" time="1.222"/>
  <system-out/>
</testsuite> <!-- phase3_end_project.postman_and_Jmeter.rest_assured_assignment_002 -->
