<?xml version="1.0" encoding="UTF-8"?>
<!-- Generated by org.testng.reporters.JUnitReportReporter -->
<testsuite hostname="MSI" failures="0" tests="1" name="phase3_end_project.postman_and_Jmeter.rest_assured_assignment_004" time="3.006" errors="0" timestamp="2024-01-22T14:29:15 IST" skipped="0">
  <testcase classname="phase3_end_project.postman_and_Jmeter.rest_assured_assignment_004" name="testLoginApi" time="3.006"/>
  <system-out/>
</testsuite> <!-- phase3_end_project.postman_and_Jmeter.rest_assured_assignment_004 -->
