<?xml version="1.0" encoding="UTF-8"?>
<!-- Generated by org.testng.reporters.JUnitReportReporter -->
<testsuite hostname="MSI" failures="0" tests="3" name="phase3_end_project.postman_and_Jmeter.rest_assured_assignment_001" time="5.407" errors="0" timestamp="2024-01-22T13:22:36 IST" skipped="0">
  <testcase classname="phase3_end_project.postman_and_Jmeter.rest_assured_assignment_001" name="testGetCall" time="1.191"/>
  <system-out/>
  <testcase classname="phase3_end_project.postman_and_Jmeter.rest_assured_assignment_001" name="testPostCall" time="3.011"/>
  <system-out/>
  <testcase classname="phase3_end_project.postman_and_Jmeter.rest_assured_assignment_001" name="testDeleteCall" time="1.205"/>
  <system-out/>
</testsuite> <!-- phase3_end_project.postman_and_Jmeter.rest_assured_assignment_001 -->
